0 info it worked if it ends with ok
1 verbose cli [ '/usr/local/bin/node',
1 verbose cli   '/usr/local/bin/npm',
1 verbose cli   'install',
1 verbose cli   '-g',
1 verbose cli   'marked' ]
2 info using npm@3.10.8
3 info using node@v7.0.0
4 silly loadCurrentTree Starting
5 silly install loadCurrentTree
6 silly install readGlobalPackageData
7 silly fetchPackageMetaData marked
8 silly fetchNamedPackageData marked
9 silly mapToRegistry name marked
10 silly mapToRegistry using default registry
11 silly mapToRegistry registry https://registry.npmjs.org/
12 silly mapToRegistry data Result {
12 silly mapToRegistry   raw: 'marked',
12 silly mapToRegistry   scope: null,
12 silly mapToRegistry   escapedName: 'marked',
12 silly mapToRegistry   name: 'marked',
12 silly mapToRegistry   rawSpec: '',
12 silly mapToRegistry   spec: 'latest',
12 silly mapToRegistry   type: 'tag' }
13 silly mapToRegistry uri https://registry.npmjs.org/marked
14 verbose request uri https://registry.npmjs.org/marked
15 verbose request no auth needed
16 info attempt registry request try #1 at 17:17:52
17 verbose request id a6cb3a50e3cb6009
18 http request GET https://registry.npmjs.org/marked
19 http 200 https://registry.npmjs.org/marked
20 verbose headers { date: 'Sat, 25 Feb 2023 09:17:59 GMT',
20 verbose headers   'content-type': 'application/json',
20 verbose headers   'transfer-encoding': 'chunked',
20 verbose headers   connection: 'keep-alive',
20 verbose headers   'cf-ray': '79ef59db0fc7a9bc-TPE',
20 verbose headers   'access-control-allow-origin': '*',
20 verbose headers   'cache-control': 'public, max-age=300',
20 verbose headers   etag: 'W/"9b5ea7856968f92ab157551de945c5bc"',
20 verbose headers   'last-modified': 'Sat, 14 Jan 2023 06:41:49 GMT',
20 verbose headers   vary: 'accept-encoding, accept',
20 verbose headers   'cf-cache-status': 'REVALIDATED',
20 verbose headers   'x-amz-replication-status': 'COMPLETED',
20 verbose headers   server: 'cloudflare',
20 verbose headers   'content-encoding': 'gzip' }
21 silly get cb [ 200,
21 silly get   { date: 'Sat, 25 Feb 2023 09:17:59 GMT',
21 silly get     'content-type': 'application/json',
21 silly get     'transfer-encoding': 'chunked',
21 silly get     connection: 'keep-alive',
21 silly get     'cf-ray': '79ef59db0fc7a9bc-TPE',
21 silly get     'access-control-allow-origin': '*',
21 silly get     'cache-control': 'public, max-age=300',
21 silly get     etag: 'W/"9b5ea7856968f92ab157551de945c5bc"',
21 silly get     'last-modified': 'Sat, 14 Jan 2023 06:41:49 GMT',
21 silly get     vary: 'accept-encoding, accept',
21 silly get     'cf-cache-status': 'REVALIDATED',
21 silly get     'x-amz-replication-status': 'COMPLETED',
21 silly get     server: 'cloudflare',
21 silly get     'content-encoding': 'gzip' } ]
22 verbose get saving marked to /Users/yukaisun/.npm/registry.npmjs.org/marked/.cache.json
23 verbose correctMkdir /Users/yukaisun/.npm correctMkdir not in flight; initializing
24 silly install normalizeTree
25 silly loadCurrentTree Finishing
26 silly loadIdealTree Starting
27 silly install loadIdealTree
28 silly cloneCurrentTree Starting
29 silly install cloneCurrentTreeToIdealTree
30 silly cloneCurrentTree Finishing
31 silly loadShrinkwrap Starting
32 silly install loadShrinkwrap
33 silly loadShrinkwrap Finishing
34 silly loadAllDepsIntoIdealTree Starting
35 silly install loadAllDepsIntoIdealTree
36 silly resolveWithNewModule marked@4.2.12 checking installable status
37 silly cache add args [ 'marked', null ]
38 verbose cache add spec marked
39 silly cache add parsed spec Result {
39 silly cache add   raw: 'marked',
39 silly cache add   scope: null,
39 silly cache add   escapedName: 'marked',
39 silly cache add   name: 'marked',
39 silly cache add   rawSpec: '',
39 silly cache add   spec: 'latest',
39 silly cache add   type: 'tag' }
40 silly addNamed marked@latest
41 verbose addNamed "latest" is being treated as a dist-tag for marked
42 info addNameTag [ 'marked', 'latest' ]
43 silly mapToRegistry name marked
44 silly mapToRegistry using default registry
45 silly mapToRegistry registry https://registry.npmjs.org/
46 silly mapToRegistry data Result {
46 silly mapToRegistry   raw: 'marked',
46 silly mapToRegistry   scope: null,
46 silly mapToRegistry   escapedName: 'marked',
46 silly mapToRegistry   name: 'marked',
46 silly mapToRegistry   rawSpec: '',
46 silly mapToRegistry   spec: 'latest',
46 silly mapToRegistry   type: 'tag' }
47 silly mapToRegistry uri https://registry.npmjs.org/marked
48 verbose addNameTag registry:https://registry.npmjs.org/marked not in flight; fetching
49 verbose get https://registry.npmjs.org/marked not expired, no request
50 silly addNameTag next cb for marked with tag latest
51 silly addNamed marked@4.2.12
52 verbose addNamed "4.2.12" is a plain semver version for marked
53 silly mapToRegistry name marked
54 silly mapToRegistry using default registry
55 silly mapToRegistry registry https://registry.npmjs.org/
56 silly mapToRegistry data Result {
56 silly mapToRegistry   raw: 'marked',
56 silly mapToRegistry   scope: null,
56 silly mapToRegistry   escapedName: 'marked',
56 silly mapToRegistry   name: 'marked',
56 silly mapToRegistry   rawSpec: '',
56 silly mapToRegistry   spec: 'latest',
56 silly mapToRegistry   type: 'tag' }
57 silly mapToRegistry uri https://registry.npmjs.org/marked
58 verbose addRemoteTarball https://registry.npmjs.org/marked/-/marked-4.2.12.tgz not in flight; adding
59 verbose addRemoteTarball [ 'https://registry.npmjs.org/marked/-/marked-4.2.12.tgz',
59 verbose addRemoteTarball   'd69a64e21d71b06250da995dcd065c11083bebb5' ]
60 info retry fetch attempt 1 at 17:17:53
61 info attempt registry request try #1 at 17:17:53
62 http fetch GET https://registry.npmjs.org/marked/-/marked-4.2.12.tgz
63 http fetch 200 https://registry.npmjs.org/marked/-/marked-4.2.12.tgz
64 silly fetchAndShaCheck shasum d69a64e21d71b06250da995dcd065c11083bebb5
65 verbose addTmpTarball /var/folders/s1/w69x8mm13wz_1npk05p7rzy00000gn/T/npm-24161-71c3b4c4/registry.npmjs.org/marked/-/marked-4.2.12.tgz not in flight; adding
66 verbose addTmpTarball already have metadata; skipping unpack for marked@4.2.12
67 verbose correctMkdir /Users/yukaisun/.npm correctMkdir not in flight; initializing
68 silly cache afterAdd marked@4.2.12
69 verbose afterAdd /Users/yukaisun/.npm/marked/4.2.12/package/package.json not in flight; writing
70 verbose correctMkdir /Users/yukaisun/.npm correctMkdir not in flight; initializing
71 verbose afterAdd /Users/yukaisun/.npm/marked/4.2.12/package/package.json written
72 silly loadAllDepsIntoIdealTree Finishing
73 silly loadIdealTree Finishing
74 silly currentTree lib
75 silly idealTree lib
75 silly idealTree └── marked@4.2.12
76 silly generateActionsToTake Starting
77 silly install generateActionsToTake
78 warn checkPermissions Missing write access to /usr/local/lib/node_modules
79 silly rollbackFailedOptional Starting
80 silly rollbackFailedOptional Finishing
81 silly runTopLevelLifecycles Finishing
82 silly install printInstalled
83 verbose stack Error: EACCES: permission denied, access '/usr/local/lib/node_modules'
84 verbose cwd /Users/yukaisun/Documents/Research/karta282950.github.io
85 error Darwin 21.6.0
86 error argv "/usr/local/bin/node" "/usr/local/bin/npm" "install" "-g" "marked"
87 error node v7.0.0
88 error npm  v3.10.8
89 error path /usr/local/lib/node_modules
90 error code EACCES
91 error errno -13
92 error syscall access
93 error Error: EACCES: permission denied, access '/usr/local/lib/node_modules'
93 error  { Error: EACCES: permission denied, access '/usr/local/lib/node_modules'
93 error   errno: -13,
93 error   code: 'EACCES',
93 error   syscall: 'access',
93 error   path: '/usr/local/lib/node_modules' }
94 error Please try running this command again as root/Administrator.
95 verbose exit [ -13, true ]
